<?xml version="1.0" encoding="UTF-8"?>
<!-- Generated by org.testng.reporters.JUnitXMLReporter -->
<testsuite ignored="0" hostname="LAPTOP-RN669E11" failures="0" tests="1" name="ChromeBrowser" time="0.592" errors="0" timestamp="2023-05-30T11:48:21 IST">
  <testcase classname="com.sms.genericutility.BaseClass" name="@BeforeClass openBrowser" time="0.545">
    <failure type="io.github.bonigarcia.wdm.config.WebDriverManagerException" message="java.net.UnknownHostException: api.github.com">
      <![CDATA[io.github.bonigarcia.wdm.config.WebDriverManagerException: java.net.UnknownHostException: api.github.com
at io.github.bonigarcia.wdm.WebDriverManager.handleException(WebDriverManager.java:1277)
at io.github.bonigarcia.wdm.WebDriverManager.manage(WebDriverManager.java:1060)
at io.github.bonigarcia.wdm.WebDriverManager.fallback(WebDriverManager.java:1293)
at io.github.bonigarcia.wdm.WebDriverManager.handleException(WebDriverManager.java:1270)
at io.github.bonigarcia.wdm.WebDriverManager.manage(WebDriverManager.java:1060)
at io.github.bonigarcia.wdm.WebDriverManager.setup(WebDriverManager.java:393)
at com.sms.genericutility.BaseClass.openBrowser(BaseClass.java:47)
at java.base/java.util.concurrent.ThreadPoolExecutor.runWorker(ThreadPoolExecutor.java:1144)
at java.base/java.util.concurrent.ThreadPoolExecutor$Worker.run(ThreadPoolExecutor.java:642)
at java.base/java.lang.Thread.run(Thread.java:1589)
Caused by: java.net.UnknownHostException: api.github.com
at java.base/java.net.InetAddress$CachedAddresses.get(InetAddress.java:952)
at java.base/java.net.InetAddress.getAllByName0(InetAddress.java:1658)
at java.base/java.net.InetAddress.getAllByName(InetAddress.java:1524)
at org.apache.hc.client5.http.SystemDefaultDnsResolver.resolve(SystemDefaultDnsResolver.java:43)
at org.apache.hc.client5.http.impl.io.DefaultHttpClientConnectionOperator.connect(DefaultHttpClientConnectionOperator.java:118)
at org.apache.hc.client5.http.impl.io.PoolingHttpClientConnectionManager.connect(PoolingHttpClientConnectionManager.java:409)
at org.apache.hc.client5.http.impl.classic.InternalExecRuntime.connectEndpoint(InternalExecRuntime.java:164)
at org.apache.hc.client5.http.impl.classic.InternalExecRuntime.connectEndpoint(InternalExecRuntime.java:174)
at org.apache.hc.client5.http.impl.classic.ConnectExec.execute(ConnectExec.java:135)
at org.apache.hc.client5.http.impl.classic.ExecChainElement.execute(ExecChainElement.java:51)
at org.apache.hc.client5.http.impl.classic.ExecChainElement$1.proceed(ExecChainElement.java:57)
at org.apache.hc.client5.http.impl.classic.ProtocolExec.execute(ProtocolExec.java:172)
at org.apache.hc.client5.http.impl.classic.ExecChainElement.execute(ExecChainElement.java:51)
at org.apache.hc.client5.http.impl.classic.ExecChainElement$1.proceed(ExecChainElement.java:57)
at org.apache.hc.client5.http.impl.classic.HttpRequestRetryExec.execute(HttpRequestRetryExec.java:93)
at org.apache.hc.client5.http.impl.classic.ExecChainElement.execute(ExecChainElement.java:51)
at org.apache.hc.client5.http.impl.classic.ExecChainElement$1.proceed(ExecChainElement.java:57)
at org.apache.hc.client5.http.impl.classic.ContentCompressionExec.execute(ContentCompressionExec.java:128)
at org.apache.hc.client5.http.impl.classic.ExecChainElement.execute(ExecChainElement.java:51)
at org.apache.hc.client5.http.impl.classic.ExecChainElement$1.proceed(ExecChainElement.java:57)
at org.apache.hc.client5.http.impl.classic.RedirectExec.execute(RedirectExec.java:116)
at org.apache.hc.client5.http.impl.classic.ExecChainElement.execute(ExecChainElement.java:51)
at org.apache.hc.client5.http.impl.classic.InternalHttpClient.doExecute(InternalHttpClient.java:178)
at org.apache.hc.client5.http.impl.classic.CloseableHttpClient.execute(CloseableHttpClient.java:75)
at org.apache.hc.client5.http.impl.classic.CloseableHttpClient.execute(CloseableHttpClient.java:89)
at io.github.bonigarcia.wdm.online.HttpClient.execute(HttpClient.java:158)
at io.github.bonigarcia.wdm.WebDriverManager.openGitHubConnection(WebDriverManager.java:1447)
at io.github.bonigarcia.wdm.WebDriverManager.getDriversFromGitHub(WebDriverManager.java:1461)
at io.github.bonigarcia.wdm.managers.FirefoxDriverManager.getDriverUrls(FirefoxDriverManager.java:102)
at io.github.bonigarcia.wdm.WebDriverManager.createUrlHandler(WebDriverManager.java:1298)
at io.github.bonigarcia.wdm.WebDriverManager.download(WebDriverManager.java:1136)
at io.github.bonigarcia.wdm.WebDriverManager.manage(WebDriverManager.java:1054)
... 16 more
... Removed 8 stack frames]]>
    </failure>
  </testcase> <!-- @BeforeClass openBrowser -->
  <testcase classname="com.sms.genericutility.BaseClass" name="@BeforeMethod loginToApp" time="-1.685427500985E9">
    <skipped/>
  </testcase> <!-- @BeforeMethod loginToApp -->
  <testcase classname="com.sms.genericutility.BaseClass" name="@AfterMethod logoutToApp" time="-1.685427500992E9">
    <skipped/>
  </testcase> <!-- @AfterMethod logoutToApp -->
  <testcase classname="com.sms.genericutility.BaseClass" name="@AfterClass closeBrowser" time="-1.685427500994E9">
    <skipped/>
  </testcase> <!-- @AfterClass closeBrowser -->
  <testcase classname="testcasessms.TestCase05" name="timeTableV" time="0.0">
    <skipped/>
  </testcase> <!-- timeTableV -->
</testsuite> <!-- ChromeBrowser -->
