<?xml version="1.0" encoding="UTF-8"?>
<!-- Generated by org.testng.reporters.JUnitXMLReporter -->
<testsuite ignored="0" hostname="LAPTOP-RN669E11" failures="0" tests="1" name="firefoxBrowser" time="0.016" errors="0" timestamp="2023-05-30T11:48:21 IST">
  <testcase classname="com.sms.genericutility.BaseClass" name="@BeforeMethod loginToApp" time="0.0">
    <failure type="java.lang.NullPointerException" message="Cannot invoke &amp;quot;org.openqa.selenium.WebDriver.manage()&amp;quot; because &amp;quot;driver&amp;quot; is null">
      <![CDATA[java.lang.NullPointerException: Cannot invoke "org.openqa.selenium.WebDriver.manage()" because "driver" is null
at com.sms.genericutility.WebDriverUtility.maximisetheBrowser(WebDriverUtility.java:66)
at com.sms.genericutility.BaseClass.loginToApp(BaseClass.java:64)
at java.base/java.util.concurrent.ThreadPoolExecutor.runWorker(ThreadPoolExecutor.java:1144)
at java.base/java.util.concurrent.ThreadPoolExecutor$Worker.run(ThreadPoolExecutor.java:642)
at java.base/java.lang.Thread.run(Thread.java:1589)
... Removed 14 stack frames]]>
    </failure>
  </testcase> <!-- @BeforeMethod loginToApp -->
  <testcase classname="com.sms.genericutility.BaseClass" name="@AfterMethod logoutToApp" time="-1.685427501053E9">
    <skipped/>
  </testcase> <!-- @AfterMethod logoutToApp -->
  <testcase classname="com.sms.genericutility.BaseClass" name="@AfterClass closeBrowser" time="-1.685427501056E9">
    <skipped/>
  </testcase> <!-- @AfterClass closeBrowser -->
  <testcase classname="testcasessms.TestCase06" name="subjectRoutingV" time="0.0">
    <skipped/>
  </testcase> <!-- subjectRoutingV -->
</testsuite> <!-- firefoxBrowser -->
