<?xml version="1.0" encoding="UTF-8"?>
<!-- Generated by org.testng.reporters.JUnitXMLReporter -->
<testsuite ignored="0" hostname="LAPTOP-RN669E11" failures="0" tests="3" name="Test" time="21.889" errors="0" timestamp="2023-05-30T18:11:38 IST">
  <testcase classname="testcasessms.TestCase01" name="teacherCreationV" time="7.264"/>
  <testcase classname="testcasessms.TestCase01" name="creatingPettyCash" time="5.162"/>
  <testcase classname="testcasessms.TestCase01" name="pettycashApproval" time="1.384"/>
</testsuite> <!-- Test -->
