<?xml version="1.0" encoding="UTF-8"?>
<!-- Generated by org.testng.reporters.JUnitXMLReporter -->
<testsuite ignored="2" hostname="LAPTOP-RN669E11" failures="0" tests="5" name="Test" time="3.929" errors="0" timestamp="2023-05-29T16:56:18 IST">
  <testcase classname="com.sms.genericutility.BaseClass" name="@BeforeMethod loginToApp" time="1.283">
    <failure type="org.apache.poi.openxml4j.exceptions.NotOfficeXmlFileException" message="No valid entries or contents found, this is not a valid OOXML (Office Open XML) file">
      <![CDATA[org.apache.poi.openxml4j.exceptions.NotOfficeXmlFileException: No valid entries or contents found, this is not a valid OOXML (Office Open XML) file
at org.apache.poi.openxml4j.util.ZipArchiveThresholdInputStream.getNextEntry(ZipArchiveThresholdInputStream.java:145)
at org.apache.poi.openxml4j.util.ZipInputStreamZipEntrySource.<init>(ZipInputStreamZipEntrySource.java:49)
at org.apache.poi.openxml4j.opc.ZipPackage.<init>(ZipPackage.java:106)
at org.apache.poi.openxml4j.opc.OPCPackage.open(OPCPackage.java:307)
at org.apache.poi.xssf.usermodel.XSSFWorkbookFactory.createWorkbook(XSSFWorkbookFactory.java:146)
at org.apache.poi.ss.usermodel.WorkbookFactory.create(WorkbookFactory.java:256)
at org.apache.poi.ss.usermodel.WorkbookFactory.create(WorkbookFactory.java:221)
at com.sms.genericutility.ExcelUtility.readExceldata(ExcelUtility.java:30)
at com.sms.genericutility.BaseClass.loginToApp(BaseClass.java:82)
at java.base/java.util.concurrent.ThreadPoolExecutor.runWorker(ThreadPoolExecutor.java:1144)
at java.base/java.util.concurrent.ThreadPoolExecutor$Worker.run(ThreadPoolExecutor.java:642)
at java.base/java.lang.Thread.run(Thread.java:1589)
Caused by: java.util.zip.ZipException: Unexpected record signature: 0XF1000808
at org.apache.commons.compress.archivers.zip.ZipArchiveInputStream.getNextZipEntry(ZipArchiveInputStream.java:260)
at org.apache.poi.openxml4j.util.ZipArchiveThresholdInputStream.getNextEntry(ZipArchiveThresholdInputStream.java:141)
... 25 more
... Removed 14 stack frames]]>
    </failure>
  </testcase> <!-- @BeforeMethod loginToApp -->
  <testcase classname="com.sms.genericutility.BaseClass" name="@BeforeMethod loginToApp" time="1.285">
    <failure type="org.apache.poi.openxml4j.exceptions.NotOfficeXmlFileException" message="No valid entries or contents found, this is not a valid OOXML (Office Open XML) file">
      <![CDATA[org.apache.poi.openxml4j.exceptions.NotOfficeXmlFileException: No valid entries or contents found, this is not a valid OOXML (Office Open XML) file
at org.apache.poi.openxml4j.util.ZipArchiveThresholdInputStream.getNextEntry(ZipArchiveThresholdInputStream.java:145)
at org.apache.poi.openxml4j.util.ZipInputStreamZipEntrySource.<init>(ZipInputStreamZipEntrySource.java:49)
at org.apache.poi.openxml4j.opc.ZipPackage.<init>(ZipPackage.java:106)
at org.apache.poi.openxml4j.opc.OPCPackage.open(OPCPackage.java:307)
at org.apache.poi.xssf.usermodel.XSSFWorkbookFactory.createWorkbook(XSSFWorkbookFactory.java:146)
at org.apache.poi.ss.usermodel.WorkbookFactory.create(WorkbookFactory.java:256)
at org.apache.poi.ss.usermodel.WorkbookFactory.create(WorkbookFactory.java:221)
at com.sms.genericutility.ExcelUtility.readExceldata(ExcelUtility.java:30)
at com.sms.genericutility.BaseClass.loginToApp(BaseClass.java:82)
at java.base/java.util.concurrent.ThreadPoolExecutor.runWorker(ThreadPoolExecutor.java:1144)
at java.base/java.util.concurrent.ThreadPoolExecutor$Worker.run(ThreadPoolExecutor.java:642)
at java.base/java.lang.Thread.run(Thread.java:1589)
Caused by: java.util.zip.ZipException: Unexpected record signature: 0XF1000808
at org.apache.commons.compress.archivers.zip.ZipArchiveInputStream.getNextZipEntry(ZipArchiveInputStream.java:260)
at org.apache.poi.openxml4j.util.ZipArchiveThresholdInputStream.getNextEntry(ZipArchiveThresholdInputStream.java:141)
... 25 more
... Removed 14 stack frames]]>
    </failure>
  </testcase> <!-- @BeforeMethod loginToApp -->
  <testcase classname="com.sms.genericutility.BaseClass" name="@AfterMethod logoutToApp" time="-1.685359578447E9">
    <skipped/>
  </testcase> <!-- @AfterMethod logoutToApp -->
  <testcase classname="com.sms.genericutility.BaseClass" name="@AfterMethod logoutToApp" time="-1.685359578457E9">
    <skipped/>
  </testcase> <!-- @AfterMethod logoutToApp -->
  <testcase classname="com.sms.genericutility.BaseClass" name="@AfterClass closeBrowser" time="-1.685359578461E9">
    <skipped/>
  </testcase> <!-- @AfterClass closeBrowser -->
  <testcase classname="com.sms.genericutility.BaseClass" name="@AfterClass closeBrowser" time="-1.685359578468E9">
    <skipped/>
  </testcase> <!-- @AfterClass closeBrowser -->
  <testcase classname="testcasessms.TestCase02" name="teacherCreationV" time="0.0">
    <skipped/>
  </testcase> <!-- teacherCreationV -->
  <testcase classname="testcasessms.TestCase01" name="teacherCreationV" time="0.0">
    <skipped/>
  </testcase> <!-- teacherCreationV -->
  <testcase classname="testcasessms.TestCase02" name="loginAsTeacher" time="0.0">
    <skipped/>
  </testcase> <!-- loginAsTeacher -->
  <testcase classname="testcasessms.TestCase01" name="creatingPettyCash" time="0.0">
    <skipped/>
  </testcase> <!-- creatingPettyCash -->
  <testcase classname="testcasessms.TestCase01" name="pettycashApproval" time="0.0">
    <skipped/>
  </testcase> <!-- pettycashApproval -->
  <testcase classname="com.sms.genericutility.BaseClass" name="@BeforeSuite opendataBase" time="0.0">
    <ignored/>
  </testcase> <!-- @BeforeSuite opendataBase -->
  <testcase classname="com.sms.genericutility.BaseClass" name="@AfterSuite closeDatabase" time="0.0">
    <ignored/>
  </testcase> <!-- @AfterSuite closeDatabase -->
</testsuite> <!-- Test -->
