<?xml version="1.0" encoding="UTF-8"?>
<testng-results ignored="0" total="3" passed="3" failed="0" skipped="0">
  <reporter-output>
    <line>
      <![CDATA[open DataBase Connection]]>
    </line>
    <line>
      <![CDATA[open Browser]]>
    </line>
    <line>
      <![CDATA[Login to the Application]]>
    </line>
    <line>
      <![CDATA[Logout to the Application]]>
    </line>
    <line>
      <![CDATA[Login to the Application]]>
    </line>
    <line>
      <![CDATA[Logout to the Application]]>
    </line>
    <line>
      <![CDATA[Login to the Application]]>
    </line>
    <line>
      <![CDATA[Logout to the Application]]>
    </line>
    <line>
      <![CDATA[close Browser]]>
    </line>
    <line>
      <![CDATA[close database]]>
    </line>
  </reporter-output>
  <suite started-at="2023-05-30T18:11:16 IST" name="Suite" finished-at="2023-05-30T18:11:38 IST" duration-ms="21889">
    <groups>
      <group name="Regression Testing">
        <method signature="TestCase01.creatingPettyCash()[pri:0, instance:testcasessms.TestCase01@3c19aaa5]" name="creatingPettyCash" class="testcasessms.TestCase01"/>
        <method signature="TestCase01.pettycashApproval()[pri:0, instance:testcasessms.TestCase01@3c19aaa5]" name="pettycashApproval" class="testcasessms.TestCase01"/>
      </group> <!-- Regression Testing -->
    </groups>
    <test started-at="2023-05-30T18:11:16 IST" name="Test" finished-at="2023-05-30T18:11:38 IST" duration-ms="21889">
      <class name="testcasessms.TestCase01">
        <test-method is-config="true" signature="opendataBase()[pri:0, instance:testcasessms.TestCase01@3c19aaa5]" started-at="2023-05-30T18:11:16 IST" name="opendataBase" finished-at="2023-05-30T18:11:16 IST" duration-ms="7" status="PASS">
          <reporter-output>
            <line>
              <![CDATA[open DataBase Connection]]>
            </line>
          </reporter-output>
        </test-method> <!-- opendataBase -->
        <test-method is-config="true" signature="openBrowser()[pri:0, instance:testcasessms.TestCase01@3c19aaa5]" started-at="2023-05-30T18:11:16 IST" name="openBrowser" finished-at="2023-05-30T18:11:18 IST" duration-ms="1839" status="PASS">
          <reporter-output>
            <line>
              <![CDATA[open Browser]]>
            </line>
          </reporter-output>
        </test-method> <!-- openBrowser -->
        <test-method is-config="true" signature="loginToApp()[pri:0, instance:testcasessms.TestCase01@3c19aaa5]" started-at="2023-05-30T18:11:18 IST" name="loginToApp" finished-at="2023-05-30T18:11:21 IST" duration-ms="2352" status="PASS">
          <reporter-output>
            <line>
              <![CDATA[Login to the Application]]>
            </line>
          </reporter-output>
        </test-method> <!-- loginToApp -->
        <test-method signature="teacherCreationV()[pri:0, instance:testcasessms.TestCase01@3c19aaa5]" started-at="2023-05-30T18:11:21 IST" name="teacherCreationV" finished-at="2023-05-30T18:11:28 IST" duration-ms="7264" status="PASS">
          <reporter-output>
          </reporter-output>
        </test-method> <!-- teacherCreationV -->
        <test-method is-config="true" signature="logoutToApp()[pri:0, instance:testcasessms.TestCase01@3c19aaa5]" started-at="2023-05-30T18:11:28 IST" name="logoutToApp" finished-at="2023-05-30T18:11:28 IST" duration-ms="409" status="PASS">
          <reporter-output>
            <line>
              <![CDATA[Logout to the Application]]>
            </line>
          </reporter-output>
        </test-method> <!-- logoutToApp -->
        <test-method is-config="true" signature="loginToApp()[pri:0, instance:testcasessms.TestCase01@3c19aaa5]" started-at="2023-05-30T18:11:28 IST" name="loginToApp" finished-at="2023-05-30T18:11:30 IST" duration-ms="1298" status="PASS">
          <reporter-output>
            <line>
              <![CDATA[Login to the Application]]>
            </line>
          </reporter-output>
        </test-method> <!-- loginToApp -->
        <test-method signature="creatingPettyCash()[pri:0, instance:testcasessms.TestCase01@3c19aaa5]" started-at="2023-05-30T18:11:30 IST" name="creatingPettyCash" finished-at="2023-05-30T18:11:35 IST" duration-ms="5162" status="PASS">
          <reporter-output>
          </reporter-output>
        </test-method> <!-- creatingPettyCash -->
        <test-method is-config="true" signature="logoutToApp()[pri:0, instance:testcasessms.TestCase01@3c19aaa5]" started-at="2023-05-30T18:11:35 IST" name="logoutToApp" finished-at="2023-05-30T18:11:35 IST" duration-ms="310" status="PASS">
          <reporter-output>
            <line>
              <![CDATA[Logout to the Application]]>
            </line>
          </reporter-output>
        </test-method> <!-- logoutToApp -->
        <test-method is-config="true" signature="loginToApp()[pri:0, instance:testcasessms.TestCase01@3c19aaa5]" started-at="2023-05-30T18:11:35 IST" name="loginToApp" finished-at="2023-05-30T18:11:36 IST" duration-ms="1296" status="PASS">
          <reporter-output>
            <line>
              <![CDATA[Login to the Application]]>
            </line>
          </reporter-output>
        </test-method> <!-- loginToApp -->
        <test-method signature="pettycashApproval()[pri:0, instance:testcasessms.TestCase01@3c19aaa5]" started-at="2023-05-30T18:11:36 IST" name="pettycashApproval" finished-at="2023-05-30T18:11:38 IST" duration-ms="1384" status="PASS">
          <reporter-output>
          </reporter-output>
        </test-method> <!-- pettycashApproval -->
        <test-method is-config="true" signature="logoutToApp()[pri:0, instance:testcasessms.TestCase01@3c19aaa5]" started-at="2023-05-30T18:11:38 IST" name="logoutToApp" finished-at="2023-05-30T18:11:38 IST" duration-ms="425" status="PASS">
          <reporter-output>
            <line>
              <![CDATA[Logout to the Application]]>
            </line>
          </reporter-output>
        </test-method> <!-- logoutToApp -->
        <test-method is-config="true" signature="closeBrowser()[pri:0, instance:testcasessms.TestCase01@3c19aaa5]" started-at="2023-05-30T18:11:38 IST" name="closeBrowser" finished-at="2023-05-30T18:11:38 IST" duration-ms="97" status="PASS">
          <reporter-output>
            <line>
              <![CDATA[close Browser]]>
            </line>
          </reporter-output>
        </test-method> <!-- closeBrowser -->
        <test-method is-config="true" signature="closeDatabase()[pri:0, instance:testcasessms.TestCase01@3c19aaa5]" started-at="2023-05-30T18:11:38 IST" name="closeDatabase" finished-at="2023-05-30T18:11:38 IST" duration-ms="0" status="PASS">
          <reporter-output>
            <line>
              <![CDATA[close database]]>
            </line>
          </reporter-output>
        </test-method> <!-- closeDatabase -->
      </class> <!-- testcasessms.TestCase01 -->
    </test> <!-- Test -->
  </suite> <!-- Suite -->
</testng-results>
